#
# There is insufficient memory for the Java Runtime Environment to continue.
# Native memory allocation (malloc) failed to allocate 1048576 bytes for AllocateHeap
# Possible reasons:
#   The system is out of physical RAM or swap space
#   In 32 bit mode, the process size limit was hit
# Possible solutions:
#   Reduce memory load on the system
#   Increase physical memory or swap space
#   Check if swap backing store is full
#   Use 64 bit Java on a 64 bit OS
#   Decrease Java heap size (-Xmx/-Xms)
#   Decrease number of Java threads
#   Decrease Java thread stack sizes (-Xss)
#   Set larger code cache with -XX:ReservedCodeCacheSize=
# This output file may be truncated or incomplete.
#
#  Out of Memory Error (memory/allocation.inline.hpp:61), pid=6784, tid=6800
#
# JRE version:  (8.0_73-b02) (build )
# Java VM: Java HotSpot(TM) 64-Bit Server VM (25.73-b02 mixed mode windows-amd64 compressed oops)
# Failed to write core dump. Minidumps are not enabled by default on client versions of Windows
#

---------------  T H R E A D  ---------------

Current thread (0x0000000002971000):  JavaThread "Unknown thread" [_thread_in_vm, id=6800, stack(0x0000000002790000,0x0000000002890000)]

Stack: [0x0000000002790000,0x0000000002890000]
[error occurred during error reporting (printing stack bounds), id 0xc0000005]

Native frames: (J=compiled Java code, j=interpreted, Vv=VM code, C=native code)


---------------  P R O C E S S  ---------------

Java Threads: ( => current thread )

Other Threads:

=>0x0000000002971000 (exited) JavaThread "Unknown thread" [_thread_in_vm, id=6800, stack(0x0000000002790000,0x0000000002890000)]

VM state:not at safepoint (normal execution)

VM Mutex/Monitor currently owned by a thread: None

Heap:
 PSYoungGen      total 38400K, used 665K [0x00000000eab00000, 0x00000000ed580000, 0x0000000100000000)
  eden space 33280K, 2% used [0x00000000eab00000,0x00000000eaba6670,0x00000000ecb80000)
  from space 5120K, 0% used [0x00000000ed080000,0x00000000ed080000,0x00000000ed580000)
  to   space 5120K, 0% used [0x00000000ecb80000,0x00000000ecb80000,0x00000000ed080000)
 ParOldGen       total 87552K, used 0K [0x00000000c0000000, 0x00000000c5580000, 0x00000000eab00000)
  object space 87552K, 0% used [0x00000000c0000000,0x00000000c0000000,0x00000000c5580000)
 Metaspace       used 769K, capacity 4480K, committed 4480K, reserved 1056768K
  class space    used 75K, capacity 384K, committed 384K, reserved 1048576K

Card table byte_map: [0x0000000011e30000,0x0000000012040000] byte_map_base: 0x0000000011830000

Marking Bits: (ParMarkBitMap*) 0x000000006b9e0600
 Begin Bits: [0x00000000129a0000, 0x00000000139a0000)
 End Bits:   [0x00000000139a0000, 0x00000000149a0000)

Polling page: 0x0000000000ca0000

CodeCache: size=245760Kb used=328Kb max_used=328Kb free=245431Kb
 bounds [0x0000000002a70000, 0x0000000002ce0000, 0x0000000011a70000]
 total_blobs=57 nmethods=0 adapters=37
 compilation: enabled

Compilation events (0 events):
No events

GC Heap History (0 events):
No events

Deoptimization events (0 events):
No events

Internal exceptions (0 events):
No events

Events (10 events):
Event: 0.031 loading class java/lang/Short
Event: 0.031 loading class java/lang/Short done
Event: 0.031 loading class java/lang/Integer
Event: 0.031 loading class java/lang/Integer done
Event: 0.031 loading class java/lang/Long
Event: 0.031 loading class java/lang/Long done
Event: 0.032 loading class java/lang/NullPointerException
Event: 0.032 loading class java/lang/NullPointerException done
Event: 0.032 loading class java/lang/ArithmeticException
Event: 0.032 loading class java/lang/ArithmeticException done


Dynamic libraries:
0x00007ff7d2410000 - 0x00007ff7d2447000 	C:\Program Files\Java\jdk1.8.0_73\bin\java.exe
0x00007ffad8a80000 - 0x00007ffad8c41000 	C:\WINDOWS\SYSTEM32\ntdll.dll
0x00007ffad87a0000 - 0x00007ffad884d000 	C:\WINDOWS\system32\KERNEL32.DLL
0x00007ffad51a0000 - 0x00007ffad5388000 	C:\WINDOWS\system32\KERNELBASE.dll
0x00007ffad8870000 - 0x00007ffad8917000 	C:\WINDOWS\system32\ADVAPI32.dll
0x00007ffad5ef0000 - 0x00007ffad5f8d000 	C:\WINDOWS\system32\msvcrt.dll
0x00007ffad8350000 - 0x00007ffad83ab000 	C:\WINDOWS\system32\sechost.dll
0x00007ffad85d0000 - 0x00007ffad86ec000 	C:\WINDOWS\system32\RPCRT4.dll
0x00007ffad8920000 - 0x00007ffad8a76000 	C:\WINDOWS\system32\USER32.dll
0x00007ffad8430000 - 0x00007ffad85b6000 	C:\WINDOWS\system32\GDI32.dll
0x00007ffad0c10000 - 0x00007ffad0e84000 	C:\WINDOWS\WinSxS\amd64_microsoft.windows.common-controls_6595b64144ccf1df_6.0.10586.494_none_a2d8b04ea53e3145\COMCTL32.dll
0x00007ffad7d60000 - 0x00007ffad7fdd000 	C:\WINDOWS\system32\combase.dll
0x00007ffad57a0000 - 0x00007ffad580a000 	C:\WINDOWS\system32\bcryptPrimitives.dll
0x00007ffad7d20000 - 0x00007ffad7d5b000 	C:\WINDOWS\system32\IMM32.DLL
0x00007ffad4bb0000 - 0x00007ffad4be1000 	C:\Windows\system32\nvinitx.dll
0x00007ffad4ba0000 - 0x00007ffad4baa000 	C:\WINDOWS\SYSTEM32\VERSION.dll
0x0000000069000000 - 0x00000000690d2000 	C:\Program Files\Java\jdk1.8.0_73\jre\bin\msvcr100.dll
0x000000006b1d0000 - 0x000000006ba60000 	C:\Program Files\Java\jdk1.8.0_73\jre\bin\server\jvm.dll
0x00007ffad85c0000 - 0x00007ffad85c8000 	C:\WINDOWS\system32\PSAPI.DLL
0x00007ffad3280000 - 0x00007ffad32a3000 	C:\WINDOWS\SYSTEM32\WINMM.dll
0x00007ffac7930000 - 0x00007ffac7939000 	C:\WINDOWS\SYSTEM32\WSOCK32.dll
0x00007ffad5e80000 - 0x00007ffad5eeb000 	C:\WINDOWS\system32\WS2_32.dll
0x00007ffad3250000 - 0x00007ffad327c000 	C:\WINDOWS\SYSTEM32\WINMMBASE.dll
0x00007ffad5670000 - 0x00007ffad56b3000 	C:\WINDOWS\system32\cfgmgr32.dll
0x000000006b1c0000 - 0x000000006b1cf000 	C:\Program Files\Java\jdk1.8.0_73\jre\bin\verify.dll
0x000000006b190000 - 0x000000006b1b9000 	C:\Program Files\Java\jdk1.8.0_73\jre\bin\java.dll
0x000000006b170000 - 0x000000006b186000 	C:\Program Files\Java\jdk1.8.0_73\jre\bin\zip.dll

VM Arguments:
jvm_args: -Djava.awt.headless=true -Xmx1024M -Dfile.encoding=GBK -Duser.country=CN -Duser.language=zh -Duser.variant 
java_command: com.android.dx.command.Main --dex --force-jumbo --num-threads=4 --output E:\java\duchess\Duchess_Android\app\build\intermediates\reload-dex\debug E:\java\duchess\Duchess_Android\app\build\intermediates\reload-dex\debug\classes.jar
java_class_path (initial): C:\Users\Administrator\AppData\Local\Android\sdk\build-tools\24.0.1\lib\dx.jar
Launcher Type: SUN_STANDARD

Environment Variables:
PATH=C:\ProgramData\Oracle\Java\javapath;C:\Program Files (x86)\Intel\iCLS Client\;C:\Program Files\Intel\iCLS Client\;C:\Windows\system32;C:\Windows;C:\Windows\System32\Wbem;C:\Windows\System32\WindowsPowerShell\v1.0\;C:\Program Files\Intel\Intel(R) Management Engine Components\DAL;C:\Program Files\Intel\Intel(R) Management Engine Components\IPT;C:\Program Files (x86)\Intel\Intel(R) Management Engine Components\DAL;C:\Program Files (x86)\Intel\Intel(R) Management Engine Components\IPT;C:\Program Files (x86)\GtkSharp\2.12\bin;C:\Program Files (x86)\NVIDIA Corporation\PhysX\Common;C:\Strawberry\c\bin;C:\Strawberry\perl\site\bin;C:\Strawberry\perl\bin;C:\WINDOWS\system32;C:\WINDOWS;C:\WINDOWS\System32\Wbem;C:\WINDOWS\System32\WindowsPowerShell\v1.0\;C:\Program Files (x86)\IDM Computer Solutions\UltraEdit;C:\Program Files\Git\cmd
USERNAME=Administrator
OS=Windows_NT
PROCESSOR_IDENTIFIER=Intel64 Family 6 Model 60 Stepping 3, GenuineIntel



---------------  S Y S T E M  ---------------

OS: Windows 10.0 , 64 bit Build 10586 (10.0.10586.0)

CPU:total 8 (4 cores per cpu, 2 threads per core) family 6 model 60 stepping 3, cmov, cx8, fxsr, mmx, sse, sse2, sse3, ssse3, sse4.1, sse4.2, popcnt, avx, avx2, aes, clmul, erms, lzcnt, ht, tsc, tscinvbit, bmi1, bmi2

Memory: 4k page, physical 8306820k(1326228k free), swap 25385916k(5908k free)

vm_info: Java HotSpot(TM) 64-Bit Server VM (25.73-b02) for windows-amd64 JRE (1.8.0_73-b02), built on Jan 29 2016 17:38:49 by "java_re" with MS VC++ 10.0 (VS2010)

time: Wed Aug 31 15:17:13 2016
elapsed time: 0 seconds (0d 0h 0m 0s)

