#
# There is insufficient memory for the Java Runtime Environment to continue.
# Native memory allocation (malloc) failed to allocate 352016 bytes for Chunk::new
# Possible reasons:
#   The system is out of physical RAM or swap space
#   In 32 bit mode, the process size limit was hit
# Possible solutions:
#   Reduce memory load on the system
#   Increase physical memory or swap space
#   Check if swap backing store is full
#   Use 64 bit Java on a 64 bit OS
#   Decrease Java heap size (-Xmx/-Xms)
#   Decrease number of Java threads
#   Decrease Java thread stack sizes (-Xss)
#   Set larger code cache with -XX:ReservedCodeCacheSize=
# This output file may be truncated or incomplete.
#
#  Out of Memory Error (allocation.cpp:390), pid=18140, tid=16784
#
# JRE version: Java(TM) SE Runtime Environment (8.0_73-b02) (build 1.8.0_73-b02)
# Java VM: Java HotSpot(TM) 64-Bit Server VM (25.73-b02 mixed mode windows-amd64 compressed oops)
# Failed to write core dump. Minidumps are not enabled by default on client versions of Windows
#

---------------  T H R E A D  ---------------

Current thread (0x0000000017869000):  JavaThread "C2 CompilerThread1" daemon [_thread_in_native, id=16784, stack(0x0000000017ee0000,0x0000000017fe0000)]

Stack: [0x0000000017ee0000,0x0000000017fe0000]
[error occurred during error reporting (printing stack bounds), id 0xc0000005]

Native frames: (J=compiled Java code, j=interpreted, Vv=VM code, C=native code)


Current CompileTask:
C2:    447  642       4       com.android.dx.ssa.SsaBasicBlock::forEachInsn (37 bytes)


---------------  P R O C E S S  ---------------

Java Threads: ( => current thread )
  0x000000001790f000 JavaThread "Service Thread" daemon [_thread_blocked, id=3248, stack(0x00000000181e0000,0x00000000182e0000)]
  0x0000000017876000 JavaThread "C1 CompilerThread3" daemon [_thread_in_vm, id=17828, stack(0x00000000180e0000,0x00000000181e0000)]
  0x000000001786d800 JavaThread "C2 CompilerThread2" daemon [_thread_blocked, id=11364, stack(0x0000000017fe0000,0x00000000180e0000)]
=>0x0000000017869000 JavaThread "C2 CompilerThread1" daemon [_thread_in_native, id=16784, stack(0x0000000017ee0000,0x0000000017fe0000)]
  0x0000000017865800 JavaThread "C2 CompilerThread0" daemon [_thread_in_native, id=14896, stack(0x0000000017de0000,0x0000000017ee0000)]
  0x0000000017862800 JavaThread "Attach Listener" daemon [_thread_blocked, id=14980, stack(0x0000000017ce0000,0x0000000017de0000)]
  0x000000001581e800 JavaThread "Signal Dispatcher" daemon [_thread_blocked, id=10888, stack(0x0000000017be0000,0x0000000017ce0000)]
  0x0000000002ce9000 JavaThread "Finalizer" daemon [_thread_blocked, id=13188, stack(0x00000000176e0000,0x00000000177e0000)]
  0x0000000002ce2000 JavaThread "Reference Handler" daemon [_thread_blocked, id=18864, stack(0x00000000175e0000,0x00000000176e0000)]
  0x0000000002bf1000 JavaThread "main" [_thread_blocked, id=18656, stack(0x0000000002a10000,0x0000000002b10000)]

Other Threads:
  0x0000000015809800 VMThread [stack: 0x00000000174e0000,0x00000000175e0000] [id=15012]
  0x0000000017891800 WatcherThread [stack: 0x00000000182e0000,0x00000000183e0000] [id=14808]

VM state:synchronizing (normal execution)

VM Mutex/Monitor currently owned by a thread:  ([mutex/lock_event])
[0x0000000000f7c7e0] Threads_lock - owner thread: 0x0000000015809800
[0x0000000000f7d9f0] Compile_lock - owner thread: 0x0000000002bf1000

Heap:
 PSYoungGen      total 38400K, used 15592K [0x00000000eab00000, 0x00000000ed580000, 0x0000000100000000)
  eden space 33280K, 46% used [0x00000000eab00000,0x00000000eba3a160,0x00000000ecb80000)
  from space 5120K, 0% used [0x00000000ed080000,0x00000000ed080000,0x00000000ed580000)
  to   space 5120K, 0% used [0x00000000ecb80000,0x00000000ecb80000,0x00000000ed080000)
 ParOldGen       total 87552K, used 0K [0x00000000c0000000, 0x00000000c5580000, 0x00000000eab00000)
  object space 87552K, 0% used [0x00000000c0000000,0x00000000c0000000,0x00000000c5580000)
 Metaspace       used 6207K, capacity 6904K, committed 7168K, reserved 1056768K
  class space    used 660K, capacity 688K, committed 768K, reserved 1048576K

Card table byte_map: [0x00000000120b0000,0x00000000122c0000] byte_map_base: 0x0000000011ab0000

Marking Bits: (ParMarkBitMap*) 0x0000000071fd0600
 Begin Bits: [0x0000000012c20000, 0x0000000013c20000)
 End Bits:   [0x0000000013c20000, 0x0000000014c20000)

Polling page: 0x0000000000970000

CodeCache: size=245760Kb used=2683Kb max_used=2694Kb free=243077Kb
 bounds [0x0000000002cf0000, 0x0000000002fa0000, 0x0000000011cf0000]
 total_blobs=958 nmethods=680 adapters=191
 compilation: enabled

Compilation events (10 events):
Event: 0.370 Thread 0x0000000017876000 nmethod 670 0x0000000002f7af90 code [0x0000000002f7b120, 0x0000000002f7b478]
Event: 0.370 Thread 0x0000000017876000  666       3       com.android.dx.dex.code.RopTranslator$LocalVariableAwareTranslationVisitor::visitPlainInsn (11 bytes)
Event: 0.371 Thread 0x0000000017876000 nmethod 666 0x0000000002f7b650 code [0x0000000002f7b860, 0x0000000002f7c3b8]
Event: 0.371 Thread 0x0000000017876000  678       3       com.android.dx.cf.code.BaseMachine::storeResults (90 bytes)
Event: 0.372 Thread 0x0000000017876000 nmethod 678 0x0000000002f7ca50 code [0x0000000002f7cc40, 0x0000000002f7d708]
Event: 0.372 Thread 0x0000000017876000  676       3       com.android.dx.cf.code.RopperMachine::getSources (264 bytes)
Event: 0.374 Thread 0x0000000017876000 nmethod 676 0x0000000002f7dc10 code [0x0000000002f7e220, 0x0000000002f82bb8]
Event: 0.374 Thread 0x0000000017876000  675   !   3       com.android.dx.cf.code.RopperMachine::run (1550 bytes)
Event: 0.376 Thread 0x000000001786d800 nmethod 650 0x0000000002f89b90 code [0x0000000002f89de0, 0x0000000002f8ab50]
Event: 0.377 Thread 0x000000001786d800  653       4       com.android.dx.ssa.SsaRenamer$BlockRenamer::addMapping (143 bytes)

GC Heap History (0 events):
No events

Deoptimization events (5 events):
Event: 0.321 Thread 0x0000000017b63800 Uncommon trap: reason=unstable_if action=reinterpret pc=0x0000000002eb2ca4 method=java.util.HashMap.getNode(ILjava/lang/Object;)Ljava/util/HashMap$Node; @ 129
Event: 0.355 Thread 0x0000000017b63800 Uncommon trap: reason=class_check action=maybe_recompile pc=0x0000000002f16d70 method=com.android.dx.ssa.NormalSsaInsn.accept(Lcom/android/dx/ssa/SsaInsn$Visitor;)V @ 9
Event: 0.355 Thread 0x0000000017b63800 Uncommon trap: reason=class_check action=maybe_recompile pc=0x0000000002f16d70 method=com.android.dx.ssa.NormalSsaInsn.accept(Lcom/android/dx/ssa/SsaInsn$Visitor;)V @ 9
Event: 0.356 Thread 0x0000000017b63800 Uncommon trap: reason=class_check action=maybe_recompile pc=0x0000000002f16d70 method=com.android.dx.ssa.NormalSsaInsn.accept(Lcom/android/dx/ssa/SsaInsn$Visitor;)V @ 9
Event: 0.356 Thread 0x0000000017b63800 Uncommon trap: reason=class_check action=maybe_recompile pc=0x0000000002f16d70 method=com.android.dx.ssa.NormalSsaInsn.accept(Lcom/android/dx/ssa/SsaInsn$Visitor;)V @ 9

Internal exceptions (2 events):
Event: 0.031 Thread 0x0000000002bf1000 Exception <a 'java/lang/NoSuchMethodError': Method sun.misc.Unsafe.defineClass(Ljava/lang/String;[BII)Ljava/lang/Class; name or signature does not match> (0x00000000eab130d8) thrown at [D:\re\puppet\workspace\8-2-build-windows-amd64-cygwin\jdk8u73\6086\hot›øù8ðŸ?
Event: 0.031 Thread 0x0000000002bf1000 Exception <a 'java/lang/NoSuchMethodError': Method sun.misc.Unsafe.prefetchRead(Ljava/lang/Object;J)V name or signature does not match> (0x00000000eab133c0) thrown at [D:\re\puppet\workspace\8-2-build-windows-amd64-cygwin\jdk8u73\6086\hotspot\src\share\vm\

Events (10 events):
Event: 0.356 Thread 0x0000000017b63800 Uncommon trap: trap_request=0xffffffde fr.pc=0x0000000002f16d70
Event: 0.356 Thread 0x0000000017b63800 DEOPT PACKING pc=0x0000000002f16d70 sp=0x00000000186de880
Event: 0.356 Thread 0x0000000017b63800 DEOPT UNPACKING pc=0x0000000002d3582a sp=0x00000000186de810 mode 2
Event: 0.356 Thread 0x0000000017b63800 Uncommon trap: trap_request=0xffffffde fr.pc=0x0000000002f16d70
Event: 0.356 Thread 0x0000000017b63800 DEOPT PACKING pc=0x0000000002f16d70 sp=0x00000000186dec10
Event: 0.356 Thread 0x0000000017b63800 DEOPT UNPACKING pc=0x0000000002d3582a sp=0x00000000186deba0 mode 2
Event: 0.357 Executing VM operation: ForceSafepoint
Event: 0.357 Executing VM operation: ForceSafepoint done
Event: 0.362 loading class java/util/ArrayList$1
Event: 0.362 loading class java/util/ArrayList$1 done


Dynamic libraries:
0x00007ff685120000 - 0x00007ff685157000 	C:\Program Files\Java\jdk1.8.0_73\bin\java.exe
0x00007ff952e50000 - 0x00007ff953011000 	C:\WINDOWS\SYSTEM32\ntdll.dll
0x00007ff952490000 - 0x00007ff95253d000 	C:\WINDOWS\system32\KERNEL32.DLL
0x00007ff94f560000 - 0x00007ff94f748000 	C:\WINDOWS\system32\KERNELBASE.dll
0x00007ff950ad0000 - 0x00007ff950b77000 	C:\WINDOWS\system32\ADVAPI32.dll
0x00007ff952980000 - 0x00007ff952a1d000 	C:\WINDOWS\system32\msvcrt.dll
0x00007ff9520e0000 - 0x00007ff95213b000 	C:\WINDOWS\system32\sechost.dll
0x00007ff952540000 - 0x00007ff95265c000 	C:\WINDOWS\system32\RPCRT4.dll
0x00007ff9522c0000 - 0x00007ff952416000 	C:\WINDOWS\system32\USER32.dll
0x00007ff952c10000 - 0x00007ff952d96000 	C:\WINDOWS\system32\GDI32.dll
0x00007ff94b480000 - 0x00007ff94b6f4000 	C:\WINDOWS\WinSxS\amd64_microsoft.windows.common-controls_6595b64144ccf1df_6.0.10586.494_none_a2d8b04ea53e3145\COMCTL32.dll
0x00007ff9506f0000 - 0x00007ff95096d000 	C:\WINDOWS\system32\combase.dll
0x00007ff9501c0000 - 0x00007ff95022a000 	C:\WINDOWS\system32\bcryptPrimitives.dll
0x00007ff952a20000 - 0x00007ff952a5b000 	C:\WINDOWS\system32\IMM32.DLL
0x00007ff94efa0000 - 0x00007ff94efd1000 	C:\Windows\system32\nvinitx.dll
0x00007ff94ef90000 - 0x00007ff94ef9a000 	C:\WINDOWS\SYSTEM32\VERSION.dll
0x000000006f600000 - 0x000000006f6d2000 	C:\Program Files\Java\jdk1.8.0_73\jre\bin\msvcr100.dll
0x00000000717c0000 - 0x0000000072050000 	C:\Program Files\Java\jdk1.8.0_73\jre\bin\server\jvm.dll
0x00007ff950990000 - 0x00007ff950998000 	C:\WINDOWS\system32\PSAPI.DLL
0x00007ff94d500000 - 0x00007ff94d523000 	C:\WINDOWS\SYSTEM32\WINMM.dll
0x00007ff9428d0000 - 0x00007ff9428d9000 	C:\WINDOWS\SYSTEM32\WSOCK32.dll
0x00007ff94d210000 - 0x00007ff94d23c000 	C:\WINDOWS\SYSTEM32\WINMMBASE.dll
0x00007ff94f750000 - 0x00007ff94f793000 	C:\WINDOWS\system32\cfgmgr32.dll
0x00007ff952420000 - 0x00007ff95248b000 	C:\WINDOWS\system32\WS2_32.dll
0x00000000722f0000 - 0x00000000722ff000 	C:\Program Files\Java\jdk1.8.0_73\jre\bin\verify.dll
0x00000000722c0000 - 0x00000000722e9000 	C:\Program Files\Java\jdk1.8.0_73\jre\bin\java.dll
0x00000000722a0000 - 0x00000000722b6000 	C:\Program Files\Java\jdk1.8.0_73\jre\bin\zip.dll
0x00007ff950b80000 - 0x00007ff9520dc000 	C:\WINDOWS\system32\SHELL32.dll
0x00007ff94fb70000 - 0x00007ff9501b5000 	C:\WINDOWS\system32\windows.storage.dll
0x00007ff9509a0000 - 0x00007ff9509f2000 	C:\WINDOWS\system32\shlwapi.dll
0x00007ff94f4d0000 - 0x00007ff94f4df000 	C:\WINDOWS\system32\kernel.appcore.dll
0x00007ff94fab0000 - 0x00007ff94fb65000 	C:\WINDOWS\system32\shcore.dll
0x00007ff94f480000 - 0x00007ff94f4cb000 	C:\WINDOWS\system32\powrprof.dll
0x00007ff94f450000 - 0x00007ff94f464000 	C:\WINDOWS\system32\profapi.dll

VM Arguments:
jvm_args: -Djava.awt.headless=true -Xmx1024M -Dfile.encoding=GBK -Duser.country=CN -Duser.language=zh -Duser.variant 
java_command: com.android.dx.command.Main --dex --force-jumbo --num-threads=4 --output E:\java\duchess\Duchess_Android\app\build\intermediates\reload-dex\debug E:\java\duchess\Duchess_Android\app\build\intermediates\reload-dex\debug\classes.jar
java_class_path (initial): C:\Users\Administrator\AppData\Local\Android\sdk\build-tools\24.0.1\lib\dx.jar
Launcher Type: SUN_STANDARD

Environment Variables:
PATH=C:\ProgramData\Oracle\Java\javapath;C:\Program Files (x86)\Intel\iCLS Client\;C:\Program Files\Intel\iCLS Client\;C:\Windows\system32;C:\Windows;C:\Windows\System32\Wbem;C:\Windows\System32\WindowsPowerShell\v1.0\;C:\Program Files\Intel\Intel(R) Management Engine Components\DAL;C:\Program Files\Intel\Intel(R) Management Engine Components\IPT;C:\Program Files (x86)\Intel\Intel(R) Management Engine Components\DAL;C:\Program Files (x86)\Intel\Intel(R) Management Engine Components\IPT;C:\Program Files (x86)\GtkSharp\2.12\bin;C:\Program Files (x86)\NVIDIA Corporation\PhysX\Common;C:\Strawberry\c\bin;C:\Strawberry\perl\site\bin;C:\Strawberry\perl\bin;C:\WINDOWS\system32;C:\WINDOWS;C:\WINDOWS\System32\Wbem;C:\WINDOWS\System32\WindowsPowerShell\v1.0\;C:\Program Files (x86)\IDM Computer Solutions\UltraEdit;C:\Program Files\Git\cmd
USERNAME=Administrator
OS=Windows_NT
PROCESSOR_IDENTIFIER=Intel64 Family 6 Model 60 Stepping 3, GenuineIntel



---------------  S Y S T E M  ---------------

OS: Windows 10.0 , 64 bit Build 10586 (10.0.10586.0)

CPU:total 8 (4 cores per cpu, 2 threads per core) family 6 model 60 stepping 3, cmov, cx8, fxsr, mmx, sse, sse2, sse3, ssse3, sse4.1, sse4.2, popcnt, avx, avx2, aes, clmul, erms, lzcnt, ht, tsc, tscinvbit, bmi1, bmi2

Memory: 4k page, physical 8306820k(1114272k free), swap 25385916k(3180k free)

vm_info: Java HotSpot(TM) 64-Bit Server VM (25.73-b02) for windows-amd64 JRE (1.8.0_73-b02), built on Jan 29 2016 17:38:49 by "java_re" with MS VC++ 10.0 (VS2010)

time: Sun Aug 28 23:04:11 2016
elapsed time: 0 seconds (0d 0h 0m 0s)

